Build started 09.10.2016 13:35:15.
     1>Project "E:\ \Программирование на C++\экзамен№3\Bejeweled C++(FINAL)\Bejeweled\Bejeweled.vcxproj" on node 2 (Build target(s)).
     1>ClCompile:
         D:\Visual Studio\VC\bin\CL.exe /c /ZI /nologo /W3 /WX- /sdl /Od /Oy- /D WIN32 /D _DEBUG /D _CONSOLE /D _LIB /D _UNICODE /D UNICODE /Gm /EHsc /RTC1 /MDd /GS /fp:precise /Zc:wchar_t /Zc:forScope /Fo"Debug\\" /Fd"Debug\vc120.pdb" /Gd /TP /analyze- /errorReport:prompt CheckBox.cpp ColorForOurRemoveGem.cpp Console.cpp Field.cpp Gems.cpp Main.cpp MainScoreManager.cpp
         MainScoreManager.cpp
         Main.cpp
     1>e:\ \программирование на c++\экзамен№3\bejeweled c++(final)\bejeweled\main.cpp(8): warning C4244: 'argument' : conversion from 'time_t' to 'unsigned int', possible loss of data
         Gems.cpp
     1>e:\ \программирование на c++\экзамен№3\bejeweled c++(final)\bejeweled\gems.cpp(4): warning C4309: 'initializing' : truncation of constant value
     1>e:\ \программирование на c++\экзамен№3\bejeweled c++(final)\bejeweled\gems.cpp(11): warning C4309: '=' : truncation of constant value
     1>e:\ \программирование на c++\экзамен№3\bejeweled c++(final)\bejeweled\gems.cpp(25): warning C4018: '<' : signed/unsigned mismatch
     1>e:\ \программирование на c++\экзамен№3\bejeweled c++(final)\bejeweled\gems.cpp(28): warning C4018: '<' : signed/unsigned mismatch
         Field.cpp
     1>e:\ \программирование на c++\экзамен№3\bejeweled c++(final)\bejeweled\field.cpp(88): warning C4018: '>=' : signed/unsigned mismatch
     1>e:\ \программирование на c++\экзамен№3\bejeweled c++(final)\bejeweled\field.cpp(201): warning C4018: '<' : signed/unsigned mismatch
         Console.cpp
         ColorForOurRemoveGem.cpp
         CheckBox.cpp
     1>e:\ \программирование на c++\экзамен№3\bejeweled c++(final)\bejeweled\checkbox.cpp(5): warning C4309: '=' : truncation of constant value
         Generating Code...
       Link:
         D:\Visual Studio\VC\bin\link.exe /ERRORREPORT:PROMPT /OUT:"E:\ \Программирование на C++\экзамен№3\Bejeweled C++(FINAL)\Debug\Bejeweled.exe" /INCREMENTAL /NOLOGO kernel32.lib user32.lib gdi32.lib winspool.lib comdlg32.lib advapi32.lib shell32.lib ole32.lib oleaut32.lib uuid.lib odbc32.lib odbccp32.lib /MANIFEST /MANIFESTUAC:"level='asInvoker' uiAccess='false'" /manifest:embed /DEBUG /PDB:"E:\ \Программирование на C++\экзамен№3\Bejeweled C++(FINAL)\Debug\Bejeweled.pdb" /SUBSYSTEM:CONSOLE /TLBID:1 /DYNAMICBASE /NXCOMPAT /IMPLIB:"E:\ \Программирование на C++\экзамен№3\Bejeweled C++(FINAL)\Debug\Bejeweled.lib" /MACHINE:X86 Debug\Bejeweled.obj
         Debug\Console.obj
         Debug\ColorForOurRemoveGem.obj
         Debug\CheckBox.obj
         Debug\Differencecpp.obj
         Debug\Field.obj
         Debug\Gems.obj
         Debug\Main.obj
         Debug\MainScoreManager.obj
         Bejeweled.vcxproj -> E:\ \Программирование на C++\экзамен№3\Bejeweled C++(FINAL)\Debug\Bejeweled.exe
     1>Done Building Project "E:\ \Программирование на C++\экзамен№3\Bejeweled C++(FINAL)\Bejeweled\Bejeweled.vcxproj" (Build target(s)).

Build succeeded.

Time Elapsed 00:00:07.38
